<?xml version="1.0" encoding="UTF-8"?>
<testng-results skipped="0" failed="0" ignored="0" total="1" passed="1">
  <reporter-output>
  </reporter-output>
  <suite name="Default suite" duration-ms="21041" started-at="2018-05-07T17:19:42Z" finished-at="2018-05-07T17:20:03Z">
    <groups>
    </groups>
    <test name="Default test" duration-ms="21041" started-at="2018-05-07T17:19:42Z" finished-at="2018-05-07T17:20:03Z">
      <class name="del.dell">
        <test-method status="PASS" signature="fish()[pri:0, instance:del.dell@bbfa04]" name="fish" duration-ms="20935" started-at="2018-05-07T22:49:42Z" finished-at="2018-05-07T22:50:03Z">
          <reporter-output>
          </reporter-output>
        </test-method> <!-- fish -->
      </class> <!-- del.dell -->
    </test> <!-- Default test -->
  </suite> <!-- Default suite -->
</testng-results>
